# Logfile created on 2017-03-18 15:33:30 +0000 by logger.rb/56438
D, [2017-03-18T15:33:30.792330 #1] DEBUG -- : DRAGONFLY: shell command: 'identify' '-ping' '-format' '%m %w %h' '/tmp/RackMultipart20170318-1-1x0od50.png'
D, [2017-03-18T15:33:31.144469 #1] DEBUG -- : DRAGONFLY: shell command: 'convert' '/myapp/public/system/refinery/images/2017/03/18/8cotu3dory_Selection_052.png' '-resize' '106x106^^' '-gravity' 'Center' '-crop' '106x106+0+0' '+repage' '/tmp/dragonfly20170318-1-1u60kcr.png'
I, [2017-03-18T15:33:31.263065 #1]  INFO -- : DRAGONFLY: GET /system/images/W1siZiIsIjIwMTcvMDMvMTgvOGNvdHUzZG9yeV9TZWxlY3Rpb25fMDUyLnBuZyJdLFsicCIsInRodW1iIiwiMTA2eDEwNiNjIl1d/Selection_052.png?sha=453fe20f215a668f 200
D, [2017-03-18T15:33:32.572807 #1] DEBUG -- : DRAGONFLY: shell command: 'convert' '/myapp/public/system/refinery/images/2017/03/18/8cotu3dory_Selection_052.png' '-resize' '225x255>' '/tmp/dragonfly20170318-1-1b83f.png'
I, [2017-03-18T15:33:32.648503 #1]  INFO -- : DRAGONFLY: GET /system/images/W1siZiIsIjIwMTcvMDMvMTgvOGNvdHUzZG9yeV9TZWxlY3Rpb25fMDUyLnBuZyJdLFsicCIsInRodW1iIiwiMjI1eDI1NVx1MDAzZSJdXQ/Selection_052.png?sha=45b9dae431adc7d1 200
D, [2017-03-18T15:33:48.754096 #1] DEBUG -- : DRAGONFLY: shell command: 'convert' '/myapp/public/system/refinery/images/2017/03/18/8cotu3dory_Selection_052.png' '-resize' '149x149^^' '-gravity' 'Center' '-crop' '149x149+0+0' '+repage' '/tmp/dragonfly20170318-1-oxhw8g.png'
I, [2017-03-18T15:33:48.903145 #1]  INFO -- : DRAGONFLY: GET /system/images/W1siZiIsIjIwMTcvMDMvMTgvOGNvdHUzZG9yeV9TZWxlY3Rpb25fMDUyLnBuZyJdLFsicCIsInRodW1iIiwiMTQ5eDE0OSNjIl1d/Selection_052.png?sha=8e50565f0b7a5913 200
D, [2017-03-18T15:34:26.454731 #1] DEBUG -- : DRAGONFLY: shell command: 'identify' '-ping' '-format' '%m %w %h' '/tmp/RackMultipart20170318-1-snqala.png'
D, [2017-03-18T15:34:26.754623 #1] DEBUG -- : DRAGONFLY: shell command: 'convert' '/myapp/public/system/refinery/images/2017/03/18/6vfbxlfyd7_Selection_006.png' '-resize' '149x149^^' '-gravity' 'Center' '-crop' '149x149+0+0' '+repage' '/tmp/dragonfly20170318-1-jo6tsa.png'
I, [2017-03-18T15:34:26.823466 #1]  INFO -- : DRAGONFLY: GET /system/images/W1siZiIsIjIwMTcvMDMvMTgvNnZmYnhsZnlkN19TZWxlY3Rpb25fMDA2LnBuZyJdLFsicCIsInRodW1iIiwiMTQ5eDE0OSNjIl1d/Selection_006.png?sha=f0daa207cebc0c7f 200
I, [2017-03-18T15:34:28.952663 #1]  INFO -- : DRAGONFLY: GET /system/images/W1siZiIsIjIwMTcvMDMvMTgvNnZmYnhsZnlkN19TZWxlY3Rpb25fMDA2LnBuZyJdXQ/Selection_006.png?sha=3270b31f01e698ef 200
I, [2017-03-18T15:34:34.419588 #1]  INFO -- : DRAGONFLY: GET /system/images/W1siZiIsIjIwMTcvMDMvMTgvOGNvdHUzZG9yeV9TZWxlY3Rpb25fMDUyLnBuZyJdXQ/Selection_052.png?sha=06f28f4999c80f0d 200
D, [2017-03-18T15:34:57.407554 #1] DEBUG -- : DRAGONFLY: shell command: 'convert' '/myapp/public/system/refinery/images/2017/03/18/6vfbxlfyd7_Selection_006.png' '-resize' '106x106^^' '-gravity' 'Center' '-crop' '106x106+0+0' '+repage' '/tmp/dragonfly20170318-1-1udrrd2.png'
I, [2017-03-18T15:34:57.514753 #1]  INFO -- : DRAGONFLY: GET /system/images/W1siZiIsIjIwMTcvMDMvMTgvNnZmYnhsZnlkN19TZWxlY3Rpb25fMDA2LnBuZyJdLFsicCIsInRodW1iIiwiMTA2eDEwNiNjIl1d/Selection_006.png?sha=eac35b33d36df30b 200
D, [2017-03-18T15:35:06.868386 #1] DEBUG -- : DRAGONFLY: shell command: 'convert' '/myapp/public/system/refinery/images/2017/03/18/8cotu3dory_Selection_052.png' '-resize' '450x450>' '/tmp/dragonfly20170318-1-xcq1qe.png'
I, [2017-03-18T15:35:06.944153 #1]  INFO -- : DRAGONFLY: GET /system/images/W1siZiIsIjIwMTcvMDMvMTgvOGNvdHUzZG9yeV9TZWxlY3Rpb25fMDUyLnBuZyJdLFsicCIsInRodW1iIiwiNDUweDQ1MFx1MDAzZSJdXQ/Selection_052.png?sha=c0df170fd661c63a 200
D, [2017-03-18T15:36:10.820576 #1] DEBUG -- : DRAGONFLY: shell command: 'convert' '/myapp/public/system/refinery/images/2017/03/18/6vfbxlfyd7_Selection_006.png' '-resize' '450x450>' '/tmp/dragonfly20170318-1-189asq8.png'
I, [2017-03-18T15:36:10.949759 #1]  INFO -- : DRAGONFLY: GET /system/images/W1siZiIsIjIwMTcvMDMvMTgvNnZmYnhsZnlkN19TZWxlY3Rpb25fMDA2LnBuZyJdLFsicCIsInRodW1iIiwiNDUweDQ1MFx1MDAzZSJdXQ/Selection_006.png?sha=cea02f4beef49e83 200
D, [2017-03-18T17:40:40.438052 #1] DEBUG -- : DRAGONFLY: shell command: 'convert' '/myapp/public/system/refinery/images/2017/03/18/6vfbxlfyd7_Selection_006.png' '-resize' '225x255>' '/tmp/dragonfly20170318-1-3i0abu.png'
I, [2017-03-18T17:40:40.536186 #1]  INFO -- : DRAGONFLY: GET /system/images/W1siZiIsIjIwMTcvMDMvMTgvNnZmYnhsZnlkN19TZWxlY3Rpb25fMDA2LnBuZyJdLFsicCIsInRodW1iIiwiMjI1eDI1NVx1MDAzZSJdXQ/Selection_006.png?sha=10f2571435654e4c 200
